Build started 10/16/2021 11:30:32 PM.
Logging verbosity is set to: Normal.     1>Project "C:\Subjects\programming-project\alans-adventure\alan-adventure\alan-adventure.vcxproj" on node 2 (Build target(s)).
     1>InitializeBuildStatus:
         Creating "Debug\alan-adventure.tlog\unsuccessfulbuild" because "AlwaysCreate" was specified.
       VcpkgTripletSelection:
         Using triplet "x86-windows" from "C:\vcpkg\installed\\x86-windows\"
       ClCompile:
         C:\Program Files (x86)\Microsoft Visual Studio\2019\Enterprise\VC\Tools\MSVC\14.29.30133\bin\HostX86\x86\CL.exe /c /I"C:\Subjects\programming-project\alans-adventure\deps\SFML-2.5.1\include\\" /I"C:\vcpkg\installed\\x86-windows\include" /ZI /JMC /nologo /W3 /WX- /diagnostics:column /sdl /Od /Oy- /D WIN32 /D _DEBUG /D _CONSOLE /D _UNICODE /D UNICODE /Gm- /EHsc /RTC1 /MDd /GS /fp:precise /permissive- /Zc:wchar_t /Zc:forScope /Zc:inline /Fo"Debug\\" /Fd"Debug\vc142.pdb" /external:W3 /Gd /TP /analyze- /FC /errorReport:prompt Main.cpp
         Main.cpp
     1>C:\Subjects\programming-project\alans-adventure\alan-adventure\Main.cpp(97,51): warning C4305: 'argument': truncation from 'double' to 'float'
       Link:
         C:\Program Files (x86)\Microsoft Visual Studio\2019\Enterprise\VC\Tools\MSVC\14.29.30133\bin\HostX86\x86\link.exe /ERRORREPORT:PROMPT /OUT:"C:\Subjects\programming-project\alans-adventure\Debug\alan-adventure.exe" /INCREMENTAL /ILK:"Debug\alan-adventure.ilk" /NOLOGO /LIBPATH:"C:\Subjects\programming-project\alans-adventure\deps\SFML-2.5.1\lib\\" /LIBPATH:"C:\vcpkg\installed\\x86-windows\debug\lib" /LIBPATH:"C:\vcpkg\installed\\x86-windows\debug\lib\manual-link" "sfml-audio-d.lib" "sfml-graphics-d.lib" "sfml-system-d.lib" "sfml-window-d.lib" kernel32.lib user32.lib gdi32.lib winspool.lib comdlg32.lib advapi32.lib shell32.lib ole32.lib oleaut32.lib uuid.lib odbc32.lib odbccp32.lib flac.lib freetype.lib ogg.lib openal32.lib vorbis.lib vorbisenc.lib vorbisfile.lib "C:\vcpkg\installed\\x86-windows\debug\lib\*.lib" /MANIFEST /MANIFESTUAC:"level='asInvoker' uiAccess='false'" /manifest:embed /DEBUG /PDB:"C:\Subjects\programming-project\alans-adventure\Debug\alan-adventure.pdb" /SUBSYSTEM:CONSOLE /TLBID:1 /DYNAMICBASE /NXCOMPAT /IMPLIB:"C:\Subjects\programming-project\alans-adventure\Debug\alan-adventure.lib" /MACHINE:X86 Debug\Animation.obj
         Debug\Bullet.obj
         Debug\Collider.obj
         Debug\Enemy.obj
         Debug\Game.obj
         Debug\Main.obj
         Debug\Player.obj
         Debug\PlayerUI.obj
         Debug\Weapon.obj
         alan-adventure.vcxproj -> C:\Subjects\programming-project\alans-adventure\Debug\alan-adventure.exe
       AppLocalFromInstalled:
         pwsh.exe -ExecutionPolicy Bypass -noprofile -File "C:\vcpkg\scripts\buildsystems\msbuild\applocal.ps1" "C:\Subjects\programming-project\alans-adventure\Debug\alan-adventure.exe" "C:\vcpkg\installed\\x86-windows\debug\bin" "Debug\alan-adventure.tlog\alan-adventure.write.1u.tlog" "Debug\vcpkg.applocal.log"
         'pwsh.exe' is not recognized as an internal or external command,
         operable program or batch file.
         The command "pwsh.exe -ExecutionPolicy Bypass -noprofile -File "C:\vcpkg\scripts\buildsystems\msbuild\applocal.ps1" "C:\Subjects\programming-project\alans-adventure\Debug\alan-adventure.exe" "C:\vcpkg\installed\\x86-windows\debug\bin" "Debug\alan-adventure.tlog\alan-adventure.write.1u.tlog" "Debug\vcpkg.applocal.log"" exited with code 9009.
         "C:\Windows\System32\WindowsPowerShell\v1.0\powershell.exe" -ExecutionPolicy Bypass -noprofile -File "C:\vcpkg\scripts\buildsystems\msbuild\applocal.ps1" "C:\Subjects\programming-project\alans-adventure\Debug\alan-adventure.exe" "C:\vcpkg\installed\\x86-windows\debug\bin" "Debug\alan-adventure.tlog\alan-adventure.write.1u.tlog" "Debug\vcpkg.applocal.log"
         C:\Subjects\programming-project\alans-adventure\Debug\sfml-graphics-d-2.dll
         C:\Subjects\programming-project\alans-adventure\Debug\sfml-window-d-2.dll
         C:\Subjects\programming-project\alans-adventure\Debug\sfml-system-d-2.dll
         C:\Subjects\programming-project\alans-adventure\Debug\freetyped.dll
         C:\Subjects\programming-project\alans-adventure\Debug\zlibd1.dll
         C:\Subjects\programming-project\alans-adventure\Debug\bz2d.dll
         C:\Subjects\programming-project\alans-adventure\Debug\libpng16d.dll
         C:\Subjects\programming-project\alans-adventure\Debug\brotlidec.dll
         C:\Subjects\programming-project\alans-adventure\Debug\brotlicommon.dll
       FinalizeBuildStatus:
         Deleting file "Debug\alan-adventure.tlog\unsuccessfulbuild".
         Touching "Debug\alan-adventure.tlog\alan-adventure.lastbuildstate".
     1>Done Building Project "C:\Subjects\programming-project\alans-adventure\alan-adventure\alan-adventure.vcxproj" (Build target(s)).

Build succeeded.

       "C:\Subjects\programming-project\alans-adventure\alan-adventure\alan-adventure.vcxproj" (Build target) (1) ->
       (ClCompile target) -> 
         C:\Subjects\programming-project\alans-adventure\alan-adventure\Main.cpp(97,51): warning C4305: 'argument': truncation from 'double' to 'float'

    1 Warning(s)
    0 Error(s)

Time Elapsed 00:00:02.29
